Arguments: 
  /usr/local/bin/node /usr/local/bin/yarn init

PATH: 
  /usr/local/bin:/usr/bin:/bin:/usr/sbin:/sbin:/usr/local/go/bin:/usr/local/share/dotnet:/opt/X11/bin:/Library/Frameworks/Mono.framework/Versions/Current/Commands:/Users/pc/Library/Android/sdk/tools:/Users/pc/Library/Android/sdk/platform-tools:/Users/pc/Library/Android/sdk/tools:/Users/pc/Library/Android/sdk/platform-tools

Yarn version: 
  1.3.2

Node version: 
  8.6.0

Platform: 
  darwin x64

npm manifest: 
  {
    "name": "sv",
    "version": "1.0.0",
    "main": "index.js",
    "license": "MIT",
    "devDependencies": {
      "babel-core": "^6.26.0",
      "babel-preset-es2015": "^6.24.1",
      "babel-preset-stage-2": "^6.24.1",
      "browser-sync": "^2.18.13",
      "grunt-image": "^4.1.0",
      "gulp": "^3.9.1",
      "gulp-autoprefixer": "^4.0.0",
      "gulp-babel": "^7.0.0",
      "gulp-cli": "^1.4.0",
      "gulp-pug": "^3.3.0",
      "gulp-rename": "^1.2.2",
      "gulp-sass": "^3.1.0",
      "gulp-sourcemaps": "^2.6.1",
      "gulp-svg-sprites": "^4.1.2"
    },
    "dependencies": {
      "bulma": "^0.5.3",
      "gulp-watch-dir": "^0.1.0"
    }
  }

yarn manifest: 
  No manifest

Lockfile: 
  No lockfile

Trace: 
  Error: canceled
      at Interface.<anonymous> (/usr/local/lib/node_modules/yarn/lib/cli.js:121045:13)
      at emitNone (events.js:105:13)
      at Interface.emit (events.js:207:7)
      at Interface._ttyWrite (readline.js:775:16)
      at ReadStream.onkeypress (readline.js:160:10)
      at emitTwo (events.js:125:13)
      at ReadStream.emit (events.js:213:7)
      at emitKeys (internal/readline.js:420:14)
      at emitKeys.next (<anonymous>)
      at ReadStream.onData (readline.js:1011:36)
